info: ::1 - - [20/Jun/2023:02:32:14 +0000] "POST /api/v1/notes/ HTTP/1.1" 404 47 "-" "PostmanRuntime/7.32.3"

info: ::1 - - [20/Jun/2023:02:32:54 +0000] "POST /api/v1/notes/ HTTP/1.1" 500 86 "-" "PostmanRuntime/7.32.3"

info: ::1 - - [20/Jun/2023:02:33:03 +0000] "POST /api/v1/notes/ HTTP/1.1" 201 241 "-" "PostmanRuntime/7.32.3"

info: ::1 - - [20/Jun/2023:02:33:28 +0000] "POST /api/v1/users/Login HTTP/1.1" 201 237 "-" "PostmanRuntime/7.32.3"

info: ::1 - - [20/Jun/2023:02:33:50 +0000] "POST /api/v1/notes/ HTTP/1.1" 201 241 "-" "PostmanRuntime/7.32.3"

info: ::1 - - [20/Jun/2023:02:33:54 +0000] "POST /api/v1/notes/ HTTP/1.1" 201 241 "-" "PostmanRuntime/7.32.3"

info: ::1 - - [20/Jun/2023:03:31:39 +0000] "PUT /api/v1/notes/Trash/648ad149409b001eb08a5b66 HTTP/1.1" 404 47 "-" "PostmanRuntime/7.32.3"

info: ::1 - - [20/Jun/2023:03:33:24 +0000] "PUT /api/v1/notes/Trash/648ad149409b001eb08a5b66 HTTP/1.1" 404 47 "-" "PostmanRuntime/7.32.3"

info: ::1 - - [20/Jun/2023:03:34:39 +0000] "PUT /api/v1/notes/Trash/648ad149409b001eb08a5b66 HTTP/1.1" 202 341 "-" "PostmanRuntime/7.32.3"

info: ::1 - - [20/Jun/2023:03:34:45 +0000] "PUT /api/v1/notes/Trash/648ad149409b001eb08a5b66 HTTP/1.1" 202 341 "-" "PostmanRuntime/7.32.3"

info: ::1 - - [20/Jun/2023:03:37:51 +0000] "PUT /api/v1/notes/Trash/648ad9ab6e017e294067e535 HTTP/1.1" 202 332 "-" "PostmanRuntime/7.32.3"

info: ::1 - - [20/Jun/2023:03:37:54 +0000] "PUT /api/v1/notes/Trash/648ad9ab6e017e294067e535 HTTP/1.1" 202 332 "-" "PostmanRuntime/7.32.3"

info: ::1 - - [20/Jun/2023:03:38:04 +0000] "PUT /api/v1/notes/Trash/648ad9ab6e017e294067e535 HTTP/1.1" 202 332 "-" "PostmanRuntime/7.32.3"

info: ::1 - - [20/Jun/2023:03:38:44 +0000] "PUT /api/v1/notes/Trash/649072b96613390fecf6867b HTTP/1.1" 202 287 "-" "PostmanRuntime/7.32.3"

info: ::1 - - [20/Jun/2023:03:38:47 +0000] "PUT /api/v1/notes/Trash/649072b96613390fecf6867b HTTP/1.1" 202 287 "-" "PostmanRuntime/7.32.3"

info: ::1 - - [20/Jun/2023:04:44:21 +0000] "PUT /api/v1/notes/Trash/649072b96613390fecf6867b HTTP/1.1" 202 287 "-" "PostmanRuntime/7.32.3"

info: ::1 - - [20/Jun/2023:04:45:08 +0000] "PUT /api/v1/notes/Trash/48ad9ab6e017e294067e535 HTTP/1.1" 500 157 "-" "PostmanRuntime/7.32.3"

info: ::1 - - [20/Jun/2023:04:46:37 +0000] "PUT /api/v1/notes/Trash/48ad9ab6e017e294067e535 HTTP/1.1" 500 157 "-" "PostmanRuntime/7.32.3"

info: ::1 - - [20/Jun/2023:04:46:43 +0000] "PUT /api/v1/notes/Trash/48ad9ab6e017e294067e535 HTTP/1.1" 500 157 "-" "PostmanRuntime/7.32.3"

info: ::1 - - [20/Jun/2023:04:54:29 +0000] "PUT /api/v1/notes/Trash/48ad9ab6e017e294067e535 HTTP/1.1" 500 157 "-" "PostmanRuntime/7.32.3"

info: ::1 - - [20/Jun/2023:04:54:30 +0000] "PUT /api/v1/notes/Trash/48ad9ab6e017e294067e535 HTTP/1.1" 500 157 "-" "PostmanRuntime/7.32.3"

info: ::1 - - [20/Jun/2023:04:58:01 +0000] "PUT /api/v1/notes/Trash/648ad9ab6e017e294067e535 HTTP/1.1" 202 332 "-" "PostmanRuntime/7.32.3"

info: ::1 - - [20/Jun/2023:04:58:06 +0000] "PUT /api/v1/notes/Trash/648ad9ab6e017e294067e535 HTTP/1.1" 202 332 "-" "PostmanRuntime/7.32.3"

info: ::1 - - [20/Jun/2023:04:58:08 +0000] "PUT /api/v1/notes/Trash/648ad9ab6e017e294067e535 HTTP/1.1" 202 332 "-" "PostmanRuntime/7.32.3"

info: ::1 - - [20/Jun/2023:04:59:04 +0000] "PUT /api/v1/notes/Trash/648ad9ab6e017e294067e535 HTTP/1.1" 202 332 "-" "PostmanRuntime/7.32.3"

info: ::1 - - [20/Jun/2023:04:59:06 +0000] "PUT /api/v1/notes/Trash/648ad9ab6e017e294067e535 HTTP/1.1" 202 332 "-" "PostmanRuntime/7.32.3"

info: ::1 - - [20/Jun/2023:05:00:21 +0000] "POST /api/v1/users/Login HTTP/1.1" 500 51 "-" "PostmanRuntime/7.32.3"

info: ::1 - - [20/Jun/2023:05:00:54 +0000] "POST /api/v1/users/Login HTTP/1.1" 201 234 "-" "PostmanRuntime/7.32.3"

info: ::1 - - [20/Jun/2023:05:01:43 +0000] "POST /api/v1/notes/ HTTP/1.1" 201 250 "-" "PostmanRuntime/7.32.3"

info: ::1 - - [20/Jun/2023:05:02:07 +0000] "PUT /api/v1/notes/Trash/649132b7e29eaa29245a9be7 HTTP/1.1" 202 259 "-" "PostmanRuntime/7.32.3"

info: ::1 - - [20/Jun/2023:05:02:13 +0000] "PUT /api/v1/notes/Trash/649132b7e29eaa29245a9be7 HTTP/1.1" 202 259 "-" "PostmanRuntime/7.32.3"

info: ::1 - - [20/Jun/2023:05:02:53 +0000] "PUT /api/v1/notes/Trash/649132b7e29eaa29245a9be7 HTTP/1.1" 202 259 "-" "PostmanRuntime/7.32.3"

info: ::1 - - [20/Jun/2023:05:02:57 +0000] "PUT /api/v1/notes/Trash/649132b7e29eaa29245a9be7 HTTP/1.1" 202 259 "-" "PostmanRuntime/7.32.3"

info: ::1 - - [20/Jun/2023:05:05:17 +0000] "PUT /api/v1/notes/Trash/649132b7e29eaa29245a9be7 HTTP/1.1" 202 259 "-" "PostmanRuntime/7.32.3"

info: ::1 - - [20/Jun/2023:05:05:19 +0000] "PUT /api/v1/notes/Trash/649132b7e29eaa29245a9be7 HTTP/1.1" 202 259 "-" "PostmanRuntime/7.32.3"

info: ::1 - - [20/Jun/2023:05:05:21 +0000] "PUT /api/v1/notes/Trash/649132b7e29eaa29245a9be7 HTTP/1.1" 202 259 "-" "PostmanRuntime/7.32.3"

info: ::1 - - [20/Jun/2023:05:05:52 +0000] "PUT /api/v1/notes/Trash/649132b7e29eaa29245a9be7 HTTP/1.1" 202 259 "-" "PostmanRuntime/7.32.3"

info: ::1 - - [20/Jun/2023:05:05:54 +0000] "PUT /api/v1/notes/Trash/649132b7e29eaa29245a9be7 HTTP/1.1" 202 259 "-" "PostmanRuntime/7.32.3"

info: ::1 - - [20/Jun/2023:05:05:57 +0000] "PUT /api/v1/notes/Trash/649132b7e29eaa29245a9be7 HTTP/1.1" 202 259 "-" "PostmanRuntime/7.32.3"

info: ::1 - - [20/Jun/2023:05:08:28 +0000] "PUT /api/v1/notes/Trash/649132b7e29eaa29245a9be7 HTTP/1.1" 202 259 "-" "PostmanRuntime/7.32.3"

info: ::1 - - [20/Jun/2023:05:08:29 +0000] "PUT /api/v1/notes/Trash/649132b7e29eaa29245a9be7 HTTP/1.1" 202 259 "-" "PostmanRuntime/7.32.3"

info: ::1 - - [20/Jun/2023:05:09:59 +0000] "PUT /api/v1/notes/Trash/649132b7e29eaa29245a9be7 HTTP/1.1" 202 259 "-" "PostmanRuntime/7.32.3"

info: ::1 - - [20/Jun/2023:05:10:01 +0000] "PUT /api/v1/notes/Trash/649132b7e29eaa29245a9be7 HTTP/1.1" 202 259 "-" "PostmanRuntime/7.32.3"

info: ::1 - - [20/Jun/2023:05:10:40 +0000] "GET /api/v1/notes/ HTTP/1.1" 200 4014 "-" "PostmanRuntime/7.32.3"

info: ::1 - - [20/Jun/2023:05:11:43 +0000] "PUT /api/v1/notes/Trash/649132b7e29eaa29245a9be7 HTTP/1.1" 202 259 "-" "PostmanRuntime/7.32.3"

info: ::1 - - [20/Jun/2023:05:12:25 +0000] "PUT /api/v1/notes/Trash/649132b7e29eaa29245a9be7 HTTP/1.1" 202 259 "-" "PostmanRuntime/7.32.3"

info: ::1 - - [20/Jun/2023:05:12:26 +0000] "PUT /api/v1/notes/Trash/649132b7e29eaa29245a9be7 HTTP/1.1" 202 259 "-" "PostmanRuntime/7.32.3"

info: ::1 - - [20/Jun/2023:05:12:53 +0000] "PUT /api/v1/notes/Trash/649132b7e29eaa29245a9be7 HTTP/1.1" 202 259 "-" "PostmanRuntime/7.32.3"

info: ::1 - - [20/Jun/2023:05:43:38 +0000] "POST /api/v1/users/forgotpassword HTTP/1.1" 500 67 "-" "PostmanRuntime/7.32.3"

info: ::1 - - [20/Jun/2023:05:45:26 +0000] "POST /api/v1/users/ HTTP/1.1" 201 319 "-" "PostmanRuntime/7.32.3"

info: ::1 - - [20/Jun/2023:05:45:45 +0000] "POST /api/v1/users/ HTTP/1.1" 500 55 "-" "PostmanRuntime/7.32.3"

info: ::1 - - [20/Jun/2023:05:48:35 +0000] "POST /api/v1/users/forgotpassword HTTP/1.1" 500 67 "-" "PostmanRuntime/7.32.3"

info: ::1 - - [20/Jun/2023:06:00:49 +0000] "PUT /api/v1/notes/Trash/649132b7e29eaa29245a9be7 HTTP/1.1" 202 259 "-" "PostmanRuntime/7.32.3"

info: ::1 - - [20/Jun/2023:06:00:51 +0000] "PUT /api/v1/notes/Trash/649132b7e29eaa29245a9be7 HTTP/1.1" 202 259 "-" "PostmanRuntime/7.32.3"

info: ::1 - - [20/Jun/2023:06:01:16 +0000] "PUT /api/v1/notes/Trash/649132b7e29eaa29245a9be7 HTTP/1.1" 202 259 "-" "PostmanRuntime/7.32.3"

info: ::1 - - [20/Jun/2023:06:03:28 +0000] "POST /api/v1/users/ HTTP/1.1" 201 325 "-" "PostmanRuntime/7.32.3"

info: ::1 - - [20/Jun/2023:06:03:53 +0000] "POST /api/v1/users/login HTTP/1.1" 201 250 "-" "PostmanRuntime/7.32.3"

info: ::1 - - [20/Jun/2023:06:04:30 +0000] "POST /api/v1/notes/ HTTP/1.1" 201 250 "-" "PostmanRuntime/7.32.3"

info: ::1 - - [20/Jun/2023:06:05:07 +0000] "PUT /api/v1/notes/Trash/6491416e742863298ca425e0 HTTP/1.1" 202 259 "-" "PostmanRuntime/7.32.3"

info: ::1 - - [20/Jun/2023:06:05:15 +0000] "PUT /api/v1/notes/Trash/6491416e742863298ca425e0 HTTP/1.1" 202 259 "-" "PostmanRuntime/7.32.3"

info: ::1 - - [20/Jun/2023:06:07:54 +0000] "PUT /api/v1/notes/Trash/6491416e742863298ca425e0 HTTP/1.1" 202 259 "-" "PostmanRuntime/7.32.3"

info: ::1 - - [20/Jun/2023:06:10:15 +0000] "PUT /api/v1/notes/Trash/6491416e742863298ca425e0 HTTP/1.1" 202 259 "-" "PostmanRuntime/7.32.3"

info: ::1 - - [20/Jun/2023:06:14:26 +0000] "PUT /api/v1/notes/Trash/6491416e742863298ca425e0 HTTP/1.1" 202 258 "-" "PostmanRuntime/7.32.3"

info: ::1 - - [20/Jun/2023:06:14:32 +0000] "PUT /api/v1/notes/Trash/6491416e742863298ca425e0 HTTP/1.1" 202 259 "-" "PostmanRuntime/7.32.3"

info: ::1 - - [20/Jun/2023:06:14:34 +0000] "PUT /api/v1/notes/Trash/6491416e742863298ca425e0 HTTP/1.1" 202 258 "-" "PostmanRuntime/7.32.3"

info: ::1 - - [20/Jun/2023:06:26:42 +0000] "POST /api/v1/users/forgotpassword HTTP/1.1" 500 48 "-" "PostmanRuntime/7.32.3"

info: ::1 - - [20/Jun/2023:06:27:46 +0000] "POST /api/v1/users/forgotpassword HTTP/1.1" 200 58 "-" "PostmanRuntime/7.32.3"

info: ::1 - - [20/Jun/2023:06:29:37 +0000] "POST /api/v1/users/forgotpassword HTTP/1.1" 200 58 "-" "PostmanRuntime/7.32.3"

info: ::1 - - [20/Jun/2023:06:31:05 +0000] "POST /api/v1/users/forgotpassword HTTP/1.1" 200 58 "-" "PostmanRuntime/7.32.3"

info: ::1 - - [20/Jun/2023:06:34:17 +0000] "POST /api/v1/users/forgotpassword HTTP/1.1" 200 58 "-" "PostmanRuntime/7.32.3"

info: ::1 - - [20/Jun/2023:06:36:42 +0000] "POST /api/v1/users/forgotpassword HTTP/1.1" 200 58 "-" "PostmanRuntime/7.32.3"

info: ::1 - - [20/Jun/2023:06:46:28 +0000] "POST /api/v1/users/forgotpassword HTTP/1.1" 200 58 "-" "PostmanRuntime/7.32.3"

info: ::1 - - [20/Jun/2023:06:51:14 +0000] "POST /api/v1/users/forgotpassword HTTP/1.1" 200 58 "-" "PostmanRuntime/7.32.3"

info: ::1 - - [20/Jun/2023:06:53:57 +0000] "POST /api/v1/users/forgotpassword HTTP/1.1" 200 584 "-" "PostmanRuntime/7.32.3"

info: ::1 - - [20/Jun/2023:06:58:29 +0000] "POST /api/v1/users/forgotpassword HTTP/1.1" 200 584 "-" "PostmanRuntime/7.32.3"

info: ::1 - - [20/Jun/2023:07:02:42 +0000] "POST /api/v1/users/forgotpassword HTTP/1.1" 200 583 "-" "PostmanRuntime/7.32.3"

info: ::1 - - [20/Jun/2023:07:05:55 +0000] "POST /api/v1/users/forgotpassword HTTP/1.1" 200 583 "-" "PostmanRuntime/7.32.3"

info: ::1 - - [20/Jun/2023:07:11:32 +0000] "POST /api/v1/notes/ HTTP/1.1" 500 86 "-" "PostmanRuntime/7.32.3"

info: ::1 - - [20/Jun/2023:07:12:50 +0000] "POST /api/v1/notes/ HTTP/1.1" 500 85 "-" "PostmanRuntime/7.32.3"

info: ::1 - - [20/Jun/2023:07:12:53 +0000] "POST /api/v1/notes/ HTTP/1.1" 500 85 "-" "PostmanRuntime/7.32.3"

info: ::1 - - [20/Jun/2023:07:13:55 +0000] "POST /api/v1/users/login HTTP/1.1" 500 48 "-" "PostmanRuntime/7.32.3"

info: ::1 - - [20/Jun/2023:07:14:04 +0000] "POST /api/v1/users/ HTTP/1.1" 201 323 "-" "PostmanRuntime/7.32.3"

info: ::1 - - [20/Jun/2023:07:14:12 +0000] "POST /api/v1/users/login HTTP/1.1" 201 245 "-" "PostmanRuntime/7.32.3"

info: ::1 - - [20/Jun/2023:07:16:02 +0000] "POST /api/v1/notes/ HTTP/1.1" 201 285 "-" "PostmanRuntime/7.32.3"

info: ::1 - - [20/Jun/2023:07:20:35 +0000] "GET /api/v1/notes/ HTTP/1.1" 200 292 "-" "PostmanRuntime/7.32.3"

info: ::1 - - [20/Jun/2023:07:22:24 +0000] "GET /api/v1/notes/649152323d24e72ceccdebd9 HTTP/1.1" 200 285 "-" "PostmanRuntime/7.32.3"

info: ::1 - - [20/Jun/2023:07:22:51 +0000] "POST /api/v1/notes/ HTTP/1.1" 201 278 "-" "PostmanRuntime/7.32.3"

info: ::1 - - [20/Jun/2023:07:23:02 +0000] "GET /api/v1/notes/ HTTP/1.1" 200 513 "-" "PostmanRuntime/7.32.3"

info: ::1 - - [20/Jun/2023:07:23:23 +0000] "GET /api/v1/notes/649153cbc17f660be034420c HTTP/1.1" 200 278 "-" "PostmanRuntime/7.32.3"

info: ::1 - - [20/Jun/2023:08:50:19 +0000] "POST /api/v1/users/login HTTP/1.1" 201 245 "-" "PostmanRuntime/7.32.3"

info: ::1 - - [20/Jun/2023:08:51:02 +0000] "POST /api/v1/users/login HTTP/1.1" 201 250 "-" "PostmanRuntime/7.32.3"

info: ::1 - - [20/Jun/2023:08:51:23 +0000] "POST /api/v1/users/resetpassword HTTP/1.1" 500 67 "-" "PostmanRuntime/7.32.3"

info: ::1 - - [20/Jun/2023:08:52:10 +0000] "POST /api/v1/users/resetpassword HTTP/1.1" 500 54 "-" "PostmanRuntime/7.32.3"

info: ::1 - - [20/Jun/2023:08:54:49 +0000] "POST /api/v1/users/login/64914130742863298ca425dd HTTP/1.1" 404 47 "-" "PostmanRuntime/7.32.3"

info: ::1 - - [20/Jun/2023:08:55:02 +0000] "POST /api/v1/users/resetpassword/64914130742863298ca425dd HTTP/1.1" 500 54 "-" "PostmanRuntime/7.32.3"

info: ::1 - - [20/Jun/2023:08:55:04 +0000] "POST /api/v1/users/resetpassword/64914130742863298ca425dd HTTP/1.1" 500 54 "-" "PostmanRuntime/7.32.3"

info: ::1 - - [20/Jun/2023:08:57:59 +0000] "POST /api/v1/users/resetpassword/64914130742863298ca425dd HTTP/1.1" 500 52 "-" "PostmanRuntime/7.32.3"

