info: ::1 - - [26/Jun/2023:13:59:31 +0000] "POST /api/v1/users HTTP/1.1" 500 96 "-" "PostmanRuntime/7.32.3"

info: ::1 - - [26/Jun/2023:14:31:43 +0000] "POST /api/v1/users HTTP/1.1" 201 311 "-" "PostmanRuntime/7.32.3"

info: ::1 - - [26/Jun/2023:14:32:35 +0000] "GET /api/v1/notes/ HTTP/1.1" 200 975 "-" "PostmanRuntime/7.32.3"

info: ::1 - - [26/Jun/2023:14:33:19 +0000] "GET /api/v1/notes/2 HTTP/1.1" 500 174 "-" "PostmanRuntime/7.32.3"

info: ::1 - - [26/Jun/2023:14:34:01 +0000] "GET /api/v1/notes/2 HTTP/1.1" 500 174 "-" "PostmanRuntime/7.32.3"

info: ::1 - - [26/Jun/2023:14:34:03 +0000] "GET /api/v1/notes/2 HTTP/1.1" 500 174 "-" "PostmanRuntime/7.32.3"

info: ::1 - - [26/Jun/2023:14:51:01 +0000] "GET /api/v1/notes/2 HTTP/1.1" 500 174 "-" "PostmanRuntime/7.32.3"

info: ::1 - - [26/Jun/2023:14:53:35 +0000] "GET /api/v1/notes/2 HTTP/1.1" 500 174 "-" "PostmanRuntime/7.32.3"

info: ::1 - - [26/Jun/2023:14:57:26 +0000] "GET /api/v1/notes/limit=2 HTTP/1.1" 500 180 "-" "PostmanRuntime/7.32.3"

info: ::1 - - [26/Jun/2023:14:57:41 +0000] "GET /api/v1/notes/?limit=2 HTTP/1.1" 200 990 "-" "PostmanRuntime/7.32.3"

info: ::1 - - [26/Jun/2023:14:58:43 +0000] "GET /api/v1/notes/?limit=2 HTTP/1.1" 200 990 "-" "PostmanRuntime/7.32.3"

info: ::1 - - [26/Jun/2023:14:59:54 +0000] "GET /api/v1/notes/?limit=2 HTTP/1.1" 200 990 "-" "PostmanRuntime/7.32.3"

info: ::1 - - [26/Jun/2023:15:04:39 +0000] "GET /api/v1/notes/?limit=2 HTTP/1.1" 200 990 "-" "PostmanRuntime/7.32.3"

info: ::1 - - [26/Jun/2023:15:04:48 +0000] "GET /api/v1/notes HTTP/1.1" 200 990 "-" "PostmanRuntime/7.32.3"

info: ::1 - - [26/Jun/2023:15:05:30 +0000] "POST /api/v1/users/login HTTP/1.1" 200 233 "-" "PostmanRuntime/7.32.3"

info: ::1 - - [26/Jun/2023:15:05:56 +0000] "POST /api/v1/notes/ HTTP/1.1" 201 287 "-" "PostmanRuntime/7.32.3"

info: ::1 - - [26/Jun/2023:15:06:07 +0000] "POST /api/v1/notes/ HTTP/1.1" 201 286 "-" "PostmanRuntime/7.32.3"

info: ::1 - - [26/Jun/2023:15:06:16 +0000] "POST /api/v1/notes/ HTTP/1.1" 201 286 "-" "PostmanRuntime/7.32.3"

info: ::1 - - [26/Jun/2023:15:06:29 +0000] "GET /api/v1/notes HTTP/1.1" 200 523 "-" "PostmanRuntime/7.32.3"

info: ::1 - - [26/Jun/2023:15:07:03 +0000] "GET /api/v1/notes HTTP/1.1" 200 538 "-" "PostmanRuntime/7.32.3"

info: ::1 - - [26/Jun/2023:15:10:30 +0000] "GET /api/v1/notes HTTP/1.1" 200 538 "-" "PostmanRuntime/7.32.3"

info: ::1 - - [26/Jun/2023:15:11:37 +0000] "GET /api/v1/notes HTTP/1.1" 200 291 "-" "PostmanRuntime/7.32.3"

info: ::1 - - [26/Jun/2023:15:12:41 +0000] "GET /api/v1/notes HTTP/1.1" 200 518 "-" "PostmanRuntime/7.32.3"

info: ::1 - - [26/Jun/2023:15:13:39 +0000] "GET /api/v1/notes HTTP/1.1" 200 294 "-" "PostmanRuntime/7.32.3"

info: ::1 - - [26/Jun/2023:15:13:41 +0000] "GET /api/v1/notes HTTP/1.1" 200 294 "-" "PostmanRuntime/7.32.3"

info: ::1 - - [26/Jun/2023:15:13:58 +0000] "GET /api/v1/notes HTTP/1.1" 200 523 "-" "PostmanRuntime/7.32.3"

info: ::1 - - [26/Jun/2023:15:16:54 +0000] "GET /api/v1/notes?limit=1 HTTP/1.1" 200 294 "-" "PostmanRuntime/7.32.3"

info: ::1 - - [26/Jun/2023:15:17:00 +0000] "GET /api/v1/notes?limit=2 HTTP/1.1" 200 523 "-" "PostmanRuntime/7.32.3"

info: ::1 - - [26/Jun/2023:15:17:09 +0000] "GET /api/v1/notes?limit=3 HTTP/1.1" 200 752 "-" "PostmanRuntime/7.32.3"

info: ::1 - - [26/Jun/2023:15:27:59 +0000] "GET /api/v1/notes?limit=3 HTTP/1.1" 200 767 "-" "PostmanRuntime/7.32.3"

info: ::1 - - [26/Jun/2023:15:28:05 +0000] "GET /api/v1/notes?limit=1 HTTP/1.1" 200 767 "-" "PostmanRuntime/7.32.3"

info: ::1 - - [26/Jun/2023:15:28:23 +0000] "GET /api/v1/notes?limit=2 HTTP/1.1" 200 767 "-" "PostmanRuntime/7.32.3"

