info: ::1 - - [19/Jun/2023:06:04:27 +0000] "PUT /api/v1/notes/AddingTrash/648ad149409b001eb08a5b66 HTTP/1.1" 400 56 "-" "PostmanRuntime/7.32.3"

info: ::1 - - [19/Jun/2023:06:04:42 +0000] "POST /api/v1/users/Login HTTP/1.1" 201 249 "-" "PostmanRuntime/7.32.3"

info: ::1 - - [19/Jun/2023:06:05:14 +0000] "PUT /api/v1/notes/AddingTrash/648ad149409b001eb08a5b66 HTTP/1.1" 202 340 "-" "PostmanRuntime/7.32.3"

info: ::1 - - [19/Jun/2023:06:07:55 +0000] "PUT /api/v1/notes/RemovingFromTrash/648ad149409b001eb08a5b66 HTTP/1.1" 202 344 "-" "PostmanRuntime/7.32.3"

info: ::1 - - [19/Jun/2023:06:09:35 +0000] "PUT /api/v1/notes/AddingArchive/648ad149409b001eb08a5b66 HTTP/1.1" 202 342 "-" "PostmanRuntime/7.32.3"

info: ::1 - - [19/Jun/2023:06:11:14 +0000] "PUT /api/v1/notes/RemoveFromArchive/648ad149409b001eb08a5b66 HTTP/1.1" 202 346 "-" "PostmanRuntime/7.32.3"

info: ::1 - - [19/Jun/2023:06:12:11 +0000] "PUT /api/v1/notes/RemoveFromArchive/648ad149409b001eb08a5b66 HTTP/1.1" 202 346 "-" "PostmanRuntime/7.32.3"

info: ::1 - - [19/Jun/2023:06:13:38 +0000] "PUT /api/v1/notes/AddingTrash/648ad149409b001eb08a5b66 HTTP/1.1" 202 341 "-" "PostmanRuntime/7.32.3"

info: ::1 - - [19/Jun/2023:06:13:44 +0000] "PUT /api/v1/notes/AddingTrash/648ad149409b001eb08a5b66 HTTP/1.1" 202 340 "-" "PostmanRuntime/7.32.3"

info: ::1 - - [19/Jun/2023:06:13:53 +0000] "PUT /api/v1/notes/RemovingFromTrash/648ad149409b001eb08a5b66 HTTP/1.1" 202 343 "-" "PostmanRuntime/7.32.3"

info: ::1 - - [19/Jun/2023:06:13:55 +0000] "PUT /api/v1/notes/RemovingFromTrash/648ad149409b001eb08a5b66 HTTP/1.1" 202 344 "-" "PostmanRuntime/7.32.3"

info: ::1 - - [19/Jun/2023:06:14:03 +0000] "PUT /api/v1/notes/AddingArchive/648ad149409b001eb08a5b66 HTTP/1.1" 202 343 "-" "PostmanRuntime/7.32.3"

info: ::1 - - [19/Jun/2023:06:14:05 +0000] "PUT /api/v1/notes/AddingArchive/648ad149409b001eb08a5b66 HTTP/1.1" 202 342 "-" "PostmanRuntime/7.32.3"

info: ::1 - - [19/Jun/2023:06:14:12 +0000] "PUT /api/v1/notes/RemoveFromArchive/648ad149409b001eb08a5b66 HTTP/1.1" 202 345 "-" "PostmanRuntime/7.32.3"

info: ::1 - - [19/Jun/2023:06:14:13 +0000] "PUT /api/v1/notes/RemoveFromArchive/648ad149409b001eb08a5b66 HTTP/1.1" 202 346 "-" "PostmanRuntime/7.32.3"

info: ::1 - - [19/Jun/2023:06:14:26 +0000] "GET /api/v1/notes/GetAll HTTP/1.1" 500 129 "-" "PostmanRuntime/7.32.3"

info: ::1 - - [19/Jun/2023:06:14:53 +0000] "GET /api/v1/notes/GetAll HTTP/1.1" 500 129 "-" "PostmanRuntime/7.32.3"

info: ::1 - - [19/Jun/2023:06:14:58 +0000] "GET /api/v1/notes/GetAll HTTP/1.1" 500 129 "-" "PostmanRuntime/7.32.3"

info: ::1 - - [19/Jun/2023:06:15:19 +0000] "GET /api/v1/notes/ HTTP/1.1" 200 1349 "-" "PostmanRuntime/7.32.3"

info: ::1 - - [19/Jun/2023:06:15:53 +0000] "PUT /api/v1/notes/AddingTrash/648aacbf74387a255872b7d4 HTTP/1.1" 202 290 "-" "PostmanRuntime/7.32.3"

info: ::1 - - [19/Jun/2023:06:15:57 +0000] "PUT /api/v1/notes/AddingTrash/648aacbf74387a255872b7d4 HTTP/1.1" 202 289 "-" "PostmanRuntime/7.32.3"

info: ::1 - - [19/Jun/2023:06:15:59 +0000] "PUT /api/v1/notes/AddingTrash/648aacbf74387a255872b7d4 HTTP/1.1" 202 289 "-" "PostmanRuntime/7.32.3"

info: ::1 - - [19/Jun/2023:06:16:01 +0000] "PUT /api/v1/notes/AddingTrash/648aacbf74387a255872b7d4 HTTP/1.1" 202 289 "-" "PostmanRuntime/7.32.3"

info: ::1 - - [19/Jun/2023:06:16:35 +0000] "PUT /api/v1/notes/AddingTrash/648ad0ae6fc7e81b80551262 HTTP/1.1" 202 314 "-" "PostmanRuntime/7.32.3"

info: ::1 - - [19/Jun/2023:06:16:41 +0000] "PUT /api/v1/notes/AddingTrash/648ad0ae6fc7e81b80551262 HTTP/1.1" 202 313 "-" "PostmanRuntime/7.32.3"

info: ::1 - - [19/Jun/2023:06:17:50 +0000] "PUT /api/v1/notes/AddingTrash/648ad0ae6fc7e81b80551262 HTTP/1.1" 202 313 "-" "PostmanRuntime/7.32.3"

info: ::1 - - [19/Jun/2023:06:18:14 +0000] "PUT /api/v1/notes/AddingArchive/648ad0ae6fc7e81b80551262 HTTP/1.1" 202 315 "-" "PostmanRuntime/7.32.3"

info: ::1 - - [19/Jun/2023:06:18:17 +0000] "PUT /api/v1/notes/AddingArchive/648ad0ae6fc7e81b80551262 HTTP/1.1" 202 314 "-" "PostmanRuntime/7.32.3"

info: ::1 - - [19/Jun/2023:06:18:19 +0000] "PUT /api/v1/notes/AddingArchive/648ad0ae6fc7e81b80551262 HTTP/1.1" 202 314 "-" "PostmanRuntime/7.32.3"

info: ::1 - - [19/Jun/2023:06:18:21 +0000] "PUT /api/v1/notes/AddingArchive/648ad0ae6fc7e81b80551262 HTTP/1.1" 202 314 "-" "PostmanRuntime/7.32.3"

info: ::1 - - [19/Jun/2023:06:18:34 +0000] "PUT /api/v1/notes/RemoveFromArchive/648ad0ae6fc7e81b80551262 HTTP/1.1" 202 317 "-" "PostmanRuntime/7.32.3"

info: ::1 - - [19/Jun/2023:06:18:36 +0000] "PUT /api/v1/notes/RemoveFromArchive/648ad0ae6fc7e81b80551262 HTTP/1.1" 202 318 "-" "PostmanRuntime/7.32.3"

info: ::1 - - [19/Jun/2023:06:19:17 +0000] "PUT /api/v1/notes/AddingTrash/ HTTP/1.1" 500 145 "-" "PostmanRuntime/7.32.3"

info: ::1 - - [19/Jun/2023:06:19:25 +0000] "PUT /api/v1/notes/AddingTrash/648ad0ae6fc7e81b80551262 HTTP/1.1" 202 313 "-" "PostmanRuntime/7.32.3"

info: ::1 - - [19/Jun/2023:06:19:29 +0000] "PUT /api/v1/notes/AddingTrash/648ad0ae6fc7e81b80551262 HTTP/1.1" 202 313 "-" "PostmanRuntime/7.32.3"

info: ::1 - - [19/Jun/2023:06:19:39 +0000] "PUT /api/v1/notes/RemovingFromTrash/648ad149409b001eb08a5b66 HTTP/1.1" 202 344 "-" "PostmanRuntime/7.32.3"

info: ::1 - - [19/Jun/2023:06:19:47 +0000] "PUT /api/v1/notes/AddingArchive/648ad0ae6fc7e81b80551262 HTTP/1.1" 202 315 "-" "PostmanRuntime/7.32.3"

info: ::1 - - [19/Jun/2023:06:19:50 +0000] "PUT /api/v1/notes/AddingArchive/648ad0ae6fc7e81b80551262 HTTP/1.1" 202 314 "-" "PostmanRuntime/7.32.3"

info: ::1 - - [19/Jun/2023:06:19:51 +0000] "PUT /api/v1/notes/AddingArchive/648ad0ae6fc7e81b80551262 HTTP/1.1" 202 314 "-" "PostmanRuntime/7.32.3"

info: ::1 - - [19/Jun/2023:06:19:53 +0000] "PUT /api/v1/notes/AddingArchive/648ad0ae6fc7e81b80551262 HTTP/1.1" 202 314 "-" "PostmanRuntime/7.32.3"

info: ::1 - - [19/Jun/2023:06:20:02 +0000] "PUT /api/v1/notes/AddingArchive/ HTTP/1.1" 500 147 "-" "PostmanRuntime/7.32.3"

info: ::1 - - [19/Jun/2023:06:20:07 +0000] "PUT /api/v1/notes/AddingArchive/648ad0ae6fc7e81b80551262 HTTP/1.1" 202 314 "-" "PostmanRuntime/7.32.3"

info: ::1 - - [19/Jun/2023:06:20:26 +0000] "PUT /api/v1/notes/RemoveFromArchive/ HTTP/1.1" 500 151 "-" "PostmanRuntime/7.32.3"

info: ::1 - - [19/Jun/2023:06:20:33 +0000] "PUT /api/v1/notes/RemoveFromArchive/648ad0ae6fc7e81b80551262 HTTP/1.1" 202 317 "-" "PostmanRuntime/7.32.3"

info: ::1 - - [19/Jun/2023:06:20:36 +0000] "PUT /api/v1/notes/RemoveFromArchive/648ad0ae6fc7e81b80551262 HTTP/1.1" 202 318 "-" "PostmanRuntime/7.32.3"

info: ::1 - - [19/Jun/2023:06:20:39 +0000] "PUT /api/v1/notes/RemoveFromArchive/648ad0ae6fc7e81b80551262 HTTP/1.1" 202 318 "-" "PostmanRuntime/7.32.3"

info: ::1 - - [19/Jun/2023:06:20:51 +0000] "PUT /api/v1/notes/RemoveFromArchive/ HTTP/1.1" 500 151 "-" "PostmanRuntime/7.32.3"

info: ::1 - - [19/Jun/2023:06:20:57 +0000] "PUT /api/v1/notes/RemoveFromArchive/648ad0ae6fc7e81b80551262 HTTP/1.1" 202 318 "-" "PostmanRuntime/7.32.3"

info: ::1 - - [19/Jun/2023:06:21:02 +0000] "PUT /api/v1/notes/RemoveFromArchive/648ad0ae6fc7e81b80551262 HTTP/1.1" 202 318 "-" "PostmanRuntime/7.32.3"

info: ::1 - - [19/Jun/2023:06:21:03 +0000] "PUT /api/v1/notes/RemoveFromArchive/648ad0ae6fc7e81b80551262 HTTP/1.1" 202 318 "-" "PostmanRuntime/7.32.3"

info: ::1 - - [19/Jun/2023:06:21:09 +0000] "PUT /api/v1/notes/AddingTrash/648ad0ae6fc7e81b80551262 HTTP/1.1" 202 313 "-" "PostmanRuntime/7.32.3"

info: ::1 - - [19/Jun/2023:06:21:10 +0000] "PUT /api/v1/notes/AddingTrash/648ad0ae6fc7e81b80551262 HTTP/1.1" 202 313 "-" "PostmanRuntime/7.32.3"

info: ::1 - - [19/Jun/2023:06:21:16 +0000] "PUT /api/v1/notes/RemovingFromTrash/648ad149409b001eb08a5b66 HTTP/1.1" 202 344 "-" "PostmanRuntime/7.32.3"

info: ::1 - - [19/Jun/2023:06:21:17 +0000] "PUT /api/v1/notes/RemovingFromTrash/648ad149409b001eb08a5b66 HTTP/1.1" 202 344 "-" "PostmanRuntime/7.32.3"

info: ::1 - - [19/Jun/2023:06:21:23 +0000] "PUT /api/v1/notes/AddingArchive/648ad0ae6fc7e81b80551262 HTTP/1.1" 202 315 "-" "PostmanRuntime/7.32.3"

info: ::1 - - [19/Jun/2023:06:21:25 +0000] "PUT /api/v1/notes/AddingArchive/648ad0ae6fc7e81b80551262 HTTP/1.1" 202 314 "-" "PostmanRuntime/7.32.3"

info: ::1 - - [19/Jun/2023:09:22:09 +0000] "POST /api/v1/users/Login HTTP/1.1" 201 249 "-" "PostmanRuntime/7.32.3"

info: ::1 - - [19/Jun/2023:09:22:28 +0000] "POST /api/v1/notes/Create HTTP/1.1" 404 47 "-" "PostmanRuntime/7.32.3"

info: ::1 - - [19/Jun/2023:09:22:43 +0000] "POST /api/v1/notes/ HTTP/1.1" 201 248 "-" "PostmanRuntime/7.32.3"

info: ::1 - - [19/Jun/2023:09:24:30 +0000] "POST /api/v1/notes/ HTTP/1.1" 201 280 "-" "PostmanRuntime/7.32.3"

info: ::1 - - [19/Jun/2023:09:26:32 +0000] "GET /api/v1/notes/ HTTP/1.1" 200 1760 "-" "PostmanRuntime/7.32.3"

info: ::1 - - [19/Jun/2023:09:29:22 +0000] "GET /api/v1/notes/ HTTP/1.1" 200 287 "-" "PostmanRuntime/7.32.3"

info: ::1 - - [19/Jun/2023:10:02:43 +0000] "PUT /api/v1/notes//Trash/64901ece1e26ce12801dff0c HTTP/1.1" 202 287 "-" "PostmanRuntime/7.32.3"

info: ::1 - - [19/Jun/2023:10:02:49 +0000] "PUT /api/v1/notes//Trash/64901ece1e26ce12801dff0c HTTP/1.1" 202 287 "-" "PostmanRuntime/7.32.3"

info: ::1 - - [19/Jun/2023:10:04:23 +0000] "PUT /api/v1/notes//Trash/64901ece1e26ce12801dff0c HTTP/1.1" 202 287 "-" "PostmanRuntime/7.32.3"

info: ::1 - - [19/Jun/2023:10:06:56 +0000] "POST /api/v1/users/Login HTTP/1.1" 500 51 "-" "PostmanRuntime/7.32.3"

info: ::1 - - [19/Jun/2023:10:07:36 +0000] "POST /api/v1/users/Login HTTP/1.1" 500 51 "-" "PostmanRuntime/7.32.3"

info: ::1 - - [19/Jun/2023:10:07:38 +0000] "POST /api/v1/users/Login HTTP/1.1" 500 51 "-" "PostmanRuntime/7.32.3"

info: ::1 - - [19/Jun/2023:10:08:39 +0000] "POST /api/v1/users/Login HTTP/1.1" 500 51 "-" "PostmanRuntime/7.32.3"

info: ::1 - - [19/Jun/2023:10:08:41 +0000] "POST /api/v1/users/Login HTTP/1.1" 500 51 "-" "PostmanRuntime/7.32.3"

info: ::1 - - [19/Jun/2023:10:10:54 +0000] "POST /api/v1/users/Register HTTP/1.1" 201 317 "-" "PostmanRuntime/7.32.3"

info: ::1 - - [19/Jun/2023:10:11:44 +0000] "POST /api/v1/users/Login HTTP/1.1" 201 237 "-" "PostmanRuntime/7.32.3"

info: ::1 - - [19/Jun/2023:10:13:27 +0000] "PUT /api/v1/notes//Trash/649029ae5737d716a0d377ee HTTP/1.1" 400 60 "-" "PostmanRuntime/7.32.3"

info: ::1 - - [19/Jun/2023:10:14:22 +0000] "PUT /api/v1/notes/Trash/649029ae5737d716a0d377ee HTTP/1.1" 400 60 "-" "PostmanRuntime/7.32.3"

info: ::1 - - [19/Jun/2023:10:15:39 +0000] "PUT /api/v1/notes/Trash/648ad149409b001eb08a5b66 HTTP/1.1" 202 341 "-" "PostmanRuntime/7.32.3"

info: ::1 - - [19/Jun/2023:10:22:05 +0000] "PUT /api/v1/notes/Trash/648ad149409b001eb08a5b66 HTTP/1.1" 202 341 "-" "PostmanRuntime/7.32.3"

info: ::1 - - [19/Jun/2023:10:22:07 +0000] "PUT /api/v1/notes/Trash/648ad149409b001eb08a5b66 HTTP/1.1" 202 341 "-" "PostmanRuntime/7.32.3"

info: ::1 - - [19/Jun/2023:10:34:21 +0000] "PUT /api/v1/notes/Trash/648ad149409b001eb08a5b66 HTTP/1.1" 400 114 "-" "PostmanRuntime/7.32.3"

info: ::1 - - [19/Jun/2023:10:36:28 +0000] "PUT /api/v1/notes/Trash/648ad149409b001eb08a5b66 HTTP/1.1" 400 114 "-" "PostmanRuntime/7.32.3"

info: ::1 - - [19/Jun/2023:10:40:18 +0000] "PUT /api/v1/notes/Trash/648ad149409b001eb08a5b66 HTTP/1.1" 400 114 "-" "PostmanRuntime/7.32.3"

info: ::1 - - [19/Jun/2023:10:40:20 +0000] "PUT /api/v1/notes/Trash/648ad149409b001eb08a5b66 HTTP/1.1" 400 114 "-" "PostmanRuntime/7.32.3"

info: ::1 - - [19/Jun/2023:11:26:51 +0000] "PUT /api/v1/notes/Trash/648ad149409b001eb08a5b66 HTTP/1.1" 202 90 "-" "PostmanRuntime/7.32.3"

info: ::1 - - [19/Jun/2023:11:27:38 +0000] "PUT /api/v1/notes/Trash/648ad149409b001eb08a5b66 HTTP/1.1" 202 92 "-" "PostmanRuntime/7.32.3"

info: ::1 - - [19/Jun/2023:11:37:22 +0000] "PUT /api/v1/notes/Trash/648ad149409b001eb08a5b66 HTTP/1.1" 202 340 "-" "PostmanRuntime/7.32.3"

info: ::1 - - [19/Jun/2023:11:50:32 +0000] "POST /api/v1/users/ HTTP/1.1" 500 90 "-" "PostmanRuntime/7.32.3"

info: ::1 - - [19/Jun/2023:11:50:43 +0000] "POST /api/v1/users/ HTTP/1.1" 201 313 "-" "PostmanRuntime/7.32.3"

info: ::1 - - [19/Jun/2023:11:51:05 +0000] "POST /api/v1/users/ HTTP/1.1" 500 60 "-" "PostmanRuntime/7.32.3"

info: ::1 - - [19/Jun/2023:11:51:53 +0000] "POST /api/v1/users/ HTTP/1.1" 500 60 "-" "PostmanRuntime/7.32.3"

info: ::1 - - [19/Jun/2023:11:51:57 +0000] "POST /api/v1/users/ HTTP/1.1" 500 60 "-" "PostmanRuntime/7.32.3"

info: ::1 - - [19/Jun/2023:11:52:13 +0000] "POST /api/v1/users/ HTTP/1.1" 500 57 "-" "PostmanRuntime/7.32.3"

info: ::1 - - [19/Jun/2023:11:53:43 +0000] "POST /api/v1/users/ HTTP/1.1" 500 59 "-" "PostmanRuntime/7.32.3"

info: ::1 - - [19/Jun/2023:13:32:10 +0000] "PUT /api/v1/notes/Archive/648ad0ae6fc7e81b80551262 HTTP/1.1" 202 315 "-" "PostmanRuntime/7.32.3"

info: ::1 - - [19/Jun/2023:13:32:59 +0000] "PUT /api/v1/notes/Archive/648ad149409b001eb08a5b66 HTTP/1.1" 202 341 "-" "PostmanRuntime/7.32.3"

info: ::1 - - [19/Jun/2023:13:34:48 +0000] "POST /api/v1/notes/ HTTP/1.1" 201 384 "-" "PostmanRuntime/7.32.3"

info: ::1 - - [19/Jun/2023:13:36:07 +0000] "POST /api/v1/notes/ HTTP/1.1" 201 200 "-" "PostmanRuntime/7.32.3"

info: ::1 - - [19/Jun/2023:13:39:35 +0000] "POST /api/v1/notes/ HTTP/1.1" 201 200 "-" "PostmanRuntime/7.32.3"

info: ::1 - - [19/Jun/2023:13:41:20 +0000] "POST /api/v1/users/Login HTTP/1.1" 201 237 "-" "PostmanRuntime/7.32.3"

info: ::1 - - [19/Jun/2023:13:41:47 +0000] "GET /api/v1/notes/648ad149409b001eb08a5b66 HTTP/1.1" 500 54 "-" "PostmanRuntime/7.32.3"

info: ::1 - - [19/Jun/2023:13:41:59 +0000] "GET /api/v1/notes/648ad149409b001eb08a5b66 HTTP/1.1" 500 54 "-" "PostmanRuntime/7.32.3"

info: ::1 - - [19/Jun/2023:13:54:46 +0000] "POST /api/v1/notes/ HTTP/1.1" 201 285 "-" "PostmanRuntime/7.32.3"

info: ::1 - - [19/Jun/2023:13:55:35 +0000] "GET /api/v1/notes/ HTTP/1.1" 200 1158 "-" "PostmanRuntime/7.32.3"

info: ::1 - - [19/Jun/2023:15:06:49 +0000] "POST /api/v1/notes/ HTTP/1.1" 201 285 "-" "PostmanRuntime/7.32.3"

info: ::1 - - [19/Jun/2023:15:07:31 +0000] "GET /api/v1/notes/ HTTP/1.1" 200 65 "-" "PostmanRuntime/7.32.3"

info: ::1 - - [19/Jun/2023:15:08:00 +0000] "GET /api/v1/notes/ HTTP/1.1" 200 65 "-" "PostmanRuntime/7.32.3"

info: ::1 - - [19/Jun/2023:15:08:45 +0000] "GET /api/v1/notes/64906f09f620e517f0e3928b HTTP/1.1" 200 285 "-" "PostmanRuntime/7.32.3"

info: ::1 - - [19/Jun/2023:15:11:19 +0000] "GET /api/v1/notes/64906f09f620e517f0e3928b HTTP/1.1" 200 131 "-" "PostmanRuntime/7.32.3"

info: ::1 - - [19/Jun/2023:15:12:24 +0000] "POST /api/v1/users/Login HTTP/1.1" 201 237 "-" "PostmanRuntime/7.32.3"

info: ::1 - - [19/Jun/2023:15:12:45 +0000] "GET /api/v1/notes/64906f09f620e517f0e3928b HTTP/1.1" 200 131 "-" "PostmanRuntime/7.32.3"

info: ::1 - - [19/Jun/2023:15:12:47 +0000] "GET /api/v1/notes/64906f09f620e517f0e3928b HTTP/1.1" 200 131 "-" "PostmanRuntime/7.32.3"

info: ::1 - - [19/Jun/2023:15:13:00 +0000] "GET /api/v1/notes/64906f09f620e517f0e3928b HTTP/1.1" 200 131 "-" "PostmanRuntime/7.32.3"

info: ::1 - - [19/Jun/2023:15:13:37 +0000] "GET /api/v1/notes/ HTTP/1.1" 200 65 "-" "PostmanRuntime/7.32.3"

info: ::1 - - [19/Jun/2023:15:13:39 +0000] "GET /api/v1/notes/ HTTP/1.1" 200 65 "-" "PostmanRuntime/7.32.3"

info: ::1 - - [19/Jun/2023:15:15:12 +0000] "PUT /api/v1/notes/648ad192409b001eb08a5b68 HTTP/1.1" 202 62 "-" "PostmanRuntime/7.32.3"

info: ::1 - - [19/Jun/2023:15:15:36 +0000] "PUT /api/v1/notes/648ad192409b001eb08a5b68 HTTP/1.1" 202 62 "-" "PostmanRuntime/7.32.3"

info: ::1 - - [19/Jun/2023:15:15:38 +0000] "PUT /api/v1/notes/648ad192409b001eb08a5b68 HTTP/1.1" 202 62 "-" "PostmanRuntime/7.32.3"

info: ::1 - - [19/Jun/2023:15:22:10 +0000] "POST /api/v1/notes/ HTTP/1.1" 201 279 "-" "PostmanRuntime/7.32.3"

info: ::1 - - [19/Jun/2023:15:22:33 +0000] "POST /api/v1/notes/ HTTP/1.1" 201 278 "-" "PostmanRuntime/7.32.3"

info: ::1 - - [19/Jun/2023:15:22:59 +0000] "GET /api/v1/notes/ HTTP/1.1" 200 65 "-" "PostmanRuntime/7.32.3"

info: ::1 - - [19/Jun/2023:15:23:01 +0000] "GET /api/v1/notes/ HTTP/1.1" 200 65 "-" "PostmanRuntime/7.32.3"

info: ::1 - - [19/Jun/2023:15:23:13 +0000] "GET /api/v1/notes/ HTTP/1.1" 200 65 "-" "PostmanRuntime/7.32.3"

info: ::1 - - [19/Jun/2023:15:23:26 +0000] "GET /api/v1/notes/ HTTP/1.1" 200 65 "-" "PostmanRuntime/7.32.3"

info: ::1 - - [19/Jun/2023:15:23:27 +0000] "GET /api/v1/notes/ HTTP/1.1" 200 65 "-" "PostmanRuntime/7.32.3"

info: ::1 - - [19/Jun/2023:15:23:38 +0000] "GET /api/v1/notes/64906f09f620e517f0e3928b HTTP/1.1" 200 131 "-" "PostmanRuntime/7.32.3"

info: ::1 - - [19/Jun/2023:15:24:03 +0000] "PUT /api/v1/notes/648ad192409b001eb08a5b68 HTTP/1.1" 500 83 "-" "PostmanRuntime/7.32.3"

info: ::1 - - [19/Jun/2023:15:24:57 +0000] "PUT /api/v1/notes/648ad192409b001eb08a5b68 HTTP/1.1" 500 83 "-" "PostmanRuntime/7.32.3"

info: ::1 - - [19/Jun/2023:15:25:56 +0000] "PUT /api/v1/notes/648ad192409b001eb08a5b68 HTTP/1.1" 500 83 "-" "PostmanRuntime/7.32.3"

info: ::1 - - [19/Jun/2023:15:25:58 +0000] "PUT /api/v1/notes/648ad192409b001eb08a5b68 HTTP/1.1" 500 83 "-" "PostmanRuntime/7.32.3"

info: ::1 - - [19/Jun/2023:15:26:07 +0000] "PUT /api/v1/notes/648ad192409b001eb08a5b68 HTTP/1.1" 500 83 "-" "PostmanRuntime/7.32.3"

info: ::1 - - [19/Jun/2023:15:26:08 +0000] "PUT /api/v1/notes/648ad192409b001eb08a5b68 HTTP/1.1" 500 83 "-" "PostmanRuntime/7.32.3"

info: ::1 - - [19/Jun/2023:15:26:35 +0000] "DELETE /api/v1/notes/648ad192409b001eb08a5b68 HTTP/1.1" 200 60 "-" "PostmanRuntime/7.32.3"

info: ::1 - - [19/Jun/2023:15:27:24 +0000] "GET /api/v1/notes/ HTTP/1.1" 200 65 "-" "PostmanRuntime/7.32.3"

info: ::1 - - [19/Jun/2023:15:27:31 +0000] "GET /api/v1/notes/ HTTP/1.1" 200 65 "-" "PostmanRuntime/7.32.3"

info: ::1 - - [19/Jun/2023:15:27:33 +0000] "GET /api/v1/notes/ HTTP/1.1" 200 65 "-" "PostmanRuntime/7.32.3"

info: ::1 - - [19/Jun/2023:15:27:34 +0000] "GET /api/v1/notes/ HTTP/1.1" 200 65 "-" "PostmanRuntime/7.32.3"

