info: ::1 - - [05/Jul/2023:06:45:44 +0000] "GET /api/v1/notes/countNotes HTTP/1.1" 400 184 "-" "PostmanRuntime/7.32.3"

info: ::1 - - [05/Jul/2023:06:47:27 +0000] "GET /api/v1/notes/countNotes HTTP/1.1" 400 184 "-" "PostmanRuntime/7.32.3"

info: ::1 - - [05/Jul/2023:06:47:29 +0000] "GET /api/v1/notes/countNotes HTTP/1.1" 400 184 "-" "PostmanRuntime/7.32.3"

info: ::1 - - [05/Jul/2023:06:47:50 +0000] "POST /api/v1/users/ HTTP/1.1" 400 52 "-" "PostmanRuntime/7.32.3"

info: ::1 - - [05/Jul/2023:06:47:59 +0000] "POST /api/v1/users/Login HTTP/1.1" 200 233 "-" "PostmanRuntime/7.32.3"

info: ::1 - - [05/Jul/2023:06:48:17 +0000] "GET /api/v1/notes/countNotes HTTP/1.1" 400 184 "-" "PostmanRuntime/7.32.3"

info: ::1 - - [05/Jul/2023:06:51:30 +0000] "GET /api/v1/notes/countNotes HTTP/1.1" 400 184 "-" "PostmanRuntime/7.32.3"

info: ::1 - - [05/Jul/2023:06:51:31 +0000] "GET /api/v1/notes/countNotes HTTP/1.1" 400 184 "-" "PostmanRuntime/7.32.3"

info: ::1 - - [05/Jul/2023:06:52:35 +0000] "GET /api/v1/notes/countNotes HTTP/1.1" 400 184 "-" "PostmanRuntime/7.32.3"

info: ::1 - - [05/Jul/2023:06:54:41 +0000] "GET /api/v1/notes/countNotes HTTP/1.1" 400 184 "-" "PostmanRuntime/7.32.3"

info: ::1 - - [05/Jul/2023:06:54:43 +0000] "GET /api/v1/notes/countNotes HTTP/1.1" 400 184 "-" "PostmanRuntime/7.32.3"

info: ::1 - - [05/Jul/2023:06:58:55 +0000] "GET /api/v1/notes/countNotes HTTP/1.1" 400 184 "-" "PostmanRuntime/7.32.3"

info: ::1 - - [05/Jul/2023:07:04:15 +0000] "GET /api/v1/notes/countNotes HTTP/1.1" 400 184 "-" "PostmanRuntime/7.32.3"

info: ::1 - - [05/Jul/2023:07:04:17 +0000] "GET /api/v1/notes/countNotes HTTP/1.1" 400 184 "-" "PostmanRuntime/7.32.3"

info: ::1 - - [05/Jul/2023:07:21:25 +0000] "GET /api/v1/notes/countNotes HTTP/1.1" 400 184 "-" "PostmanRuntime/7.32.3"

info: ::1 - - [05/Jul/2023:07:21:26 +0000] "GET /api/v1/notes/countNotes HTTP/1.1" 400 184 "-" "PostmanRuntime/7.32.3"

info: ::1 - - [05/Jul/2023:07:23:20 +0000] "GET /api/v1/notes/countNotes HTTP/1.1" 400 184 "-" "PostmanRuntime/7.32.3"

info: ::1 - - [05/Jul/2023:07:23:22 +0000] "GET /api/v1/notes/countNotes HTTP/1.1" 400 184 "-" "PostmanRuntime/7.32.3"

info: ::1 - - [05/Jul/2023:07:24:18 +0000] "GET /api/v1/notes/countNotes HTTP/1.1" 400 184 "-" "PostmanRuntime/7.32.3"

info: ::1 - - [05/Jul/2023:07:24:20 +0000] "GET /api/v1/notes/countNotes HTTP/1.1" 400 184 "-" "PostmanRuntime/7.32.3"

info: ::1 - - [05/Jul/2023:07:26:14 +0000] "GET /api/v1/notes/countNotes HTTP/1.1" 400 184 "-" "PostmanRuntime/7.32.3"

info: ::1 - - [05/Jul/2023:07:27:15 +0000] "GET /api/v1/notes/countNotes HTTP/1.1" 400 184 "-" "PostmanRuntime/7.32.3"

info: ::1 - - [05/Jul/2023:07:45:14 +0000] "GET /api/v1/notes/countNotes HTTP/1.1" 400 184 "-" "PostmanRuntime/7.32.3"

info: ::1 - - [05/Jul/2023:07:45:17 +0000] "GET /api/v1/notes/countNotes HTTP/1.1" 400 184 "-" "PostmanRuntime/7.32.3"

info: ::1 - - [05/Jul/2023:07:47:46 +0000] "GET /api/v1/notes/countNotes HTTP/1.1" 400 184 "-" "PostmanRuntime/7.32.3"

info: ::1 - - [05/Jul/2023:07:47:48 +0000] "GET /api/v1/notes/countNotes HTTP/1.1" 400 184 "-" "PostmanRuntime/7.32.3"

info: ::1 - - [05/Jul/2023:07:49:56 +0000] "GET /api/v1/notes/countNotes HTTP/1.1" 400 184 "-" "PostmanRuntime/7.32.3"

info: ::1 - - [05/Jul/2023:07:49:58 +0000] "GET /api/v1/notes/countNotes HTTP/1.1" 400 184 "-" "PostmanRuntime/7.32.3"

info: ::1 - - [05/Jul/2023:07:51:09 +0000] "GET /api/v1/notes/countNotes HTTP/1.1" 400 184 "-" "PostmanRuntime/7.32.3"

info: ::1 - - [05/Jul/2023:07:51:11 +0000] "GET /api/v1/notes/countNotes HTTP/1.1" 400 184 "-" "PostmanRuntime/7.32.3"

info: ::1 - - [05/Jul/2023:07:52:26 +0000] "GET /api/v1/notes/countNotes HTTP/1.1" 400 184 "-" "PostmanRuntime/7.32.3"

info: ::1 - - [05/Jul/2023:08:58:39 +0000] "GET /api/v1/notes/countNotes HTTP/1.1" 400 184 "-" "PostmanRuntime/7.32.3"

info: ::1 - - [05/Jul/2023:09:01:31 +0000] "GET /api/v1/notes/countNotes HTTP/1.1" 200 81 "-" "PostmanRuntime/7.32.3"

info: ::1 - - [05/Jul/2023:09:06:45 +0000] "GET /api/v1/notes/countNotes HTTP/1.1" 400 66 "-" "PostmanRuntime/7.32.3"

info: ::1 - - [05/Jul/2023:09:07:32 +0000] "GET /api/v1/notes/countNotes HTTP/1.1" 200 112 "-" "PostmanRuntime/7.32.3"

info: ::1 - - [05/Jul/2023:09:10:16 +0000] "PUT /api/v1/notes/trash/6493e2272bff712c143f83f6 HTTP/1.1" 400 46 "-" "PostmanRuntime/7.32.3"

info: ::1 - - [05/Jul/2023:09:10:57 +0000] "PUT /api/v1/notes/trash/6495b61a3195572908f84a50 HTTP/1.1" 202 292 "-" "PostmanRuntime/7.32.3"

info: ::1 - - [05/Jul/2023:09:11:49 +0000] "PUT /api/v1/notes/archive/6495b6d6ac90cd010c49d044 HTTP/1.1" 202 294 "-" "PostmanRuntime/7.32.3"

info: ::1 - - [05/Jul/2023:09:12:01 +0000] "GET /api/v1/notes/countNotes HTTP/1.1" 200 112 "-" "PostmanRuntime/7.32.3"

info: ::1 - - [05/Jul/2023:10:32:14 +0000] "GET /api/v1/notes/countNotes HTTP/1.1" 400 68 "-" "PostmanRuntime/7.32.3"

info: ::1 - - [05/Jul/2023:10:32:46 +0000] "GET /api/v1/notes/countNotes HTTP/1.1" 200 114 "-" "PostmanRuntime/7.32.3"

info: ::1 - - [05/Jul/2023:10:33:52 +0000] "GET /api/v1/notes/countNotes HTTP/1.1" 200 65 "-" "PostmanRuntime/7.32.3"

info: ::1 - - [05/Jul/2023:10:34:20 +0000] "GET /api/v1/notes/countNotes HTTP/1.1" 200 112 "-" "PostmanRuntime/7.32.3"

info: ::1 - - [05/Jul/2023:10:38:52 +0000] "GET /api/v1/notes/countNotes HTTP/1.1" 200 114 "-" "PostmanRuntime/7.32.3"

info: ::1 - - [05/Jul/2023:10:42:38 +0000] "GET /api/v1/notes/countNotes HTTP/1.1" 200 112 "-" "PostmanRuntime/7.32.3"

info: ::1 - - [05/Jul/2023:10:44:26 +0000] "GET /api/v1/notes/countNotes HTTP/1.1" 200 112 "-" "PostmanRuntime/7.32.3"

