info: ::1 - - [15/Jun/2023:03:28:13 +0000] "POST /api/v1/users/Login HTTP/1.1" 201 174 "-" "PostmanRuntime/7.32.2"

info: ::1 - - [15/Jun/2023:03:31:58 +0000] "POST /api/v1/users/Login HTTP/1.1" 201 201 "-" "PostmanRuntime/7.32.2"

info: ::1 - - [15/Jun/2023:04:43:18 +0000] "POST /api/v1/users/Login HTTP/1.1" 201 201 "-" "PostmanRuntime/7.32.3"

info: ::1 - - [15/Jun/2023:05:09:59 +0000] "POST /api/v1/users/Login HTTP/1.1" 500 51 "-" "PostmanRuntime/7.32.3"

info: ::1 - - [15/Jun/2023:05:10:08 +0000] "POST /api/v1/users/Login HTTP/1.1" 500 51 "-" "PostmanRuntime/7.32.3"

info: ::1 - - [15/Jun/2023:05:10:12 +0000] "POST /api/v1/users/Login HTTP/1.1" 500 51 "-" "PostmanRuntime/7.32.3"

info: ::1 - - [15/Jun/2023:05:11:55 +0000] "POST /api/v1/users/Login HTTP/1.1" 500 51 "-" "PostmanRuntime/7.32.3"

info: ::1 - - [15/Jun/2023:05:12:25 +0000] "POST /api/v1/users/Login HTTP/1.1" 500 51 "-" "PostmanRuntime/7.32.3"

info: ::1 - - [15/Jun/2023:05:13:46 +0000] "POST /api/v1/users/Login HTTP/1.1" 500 51 "-" "PostmanRuntime/7.32.3"

info: ::1 - - [15/Jun/2023:05:18:15 +0000] "POST /api/v1/users/Register HTTP/1.1" 201 328 "-" "PostmanRuntime/7.32.3"

info: ::1 - - [15/Jun/2023:05:19:24 +0000] "POST /api/v1/users/Login HTTP/1.1" 201 201 "-" "PostmanRuntime/7.32.3"

info: ::1 - - [15/Jun/2023:05:24:55 +0000] "POST /api/v1/notes/Create HTTP/1.1" 500 52 "-" "PostmanRuntime/7.32.3"

info: ::1 - - [15/Jun/2023:05:25:52 +0000] "POST /api/v1/users/Login HTTP/1.1" 201 201 "-" "PostmanRuntime/7.32.3"

info: ::1 - - [15/Jun/2023:05:26:10 +0000] "POST /api/v1/notes/Create HTTP/1.1" 500 52 "-" "PostmanRuntime/7.32.3"

info: ::1 - - [15/Jun/2023:05:33:12 +0000] "POST /api/v1/notes/Create HTTP/1.1" 500 52 "-" "PostmanRuntime/7.32.3"

info: ::1 - - [15/Jun/2023:05:33:18 +0000] "POST /api/v1/notes/Create HTTP/1.1" 500 52 "-" "PostmanRuntime/7.32.3"

info: ::1 - - [15/Jun/2023:05:35:49 +0000] "POST /api/v1/users/Login HTTP/1.1" 201 201 "-" "PostmanRuntime/7.32.3"

info: ::1 - - [15/Jun/2023:05:36:32 +0000] "POST /api/v1/notes/Create HTTP/1.1" 500 52 "-" "PostmanRuntime/7.32.3"

info: ::1 - - [15/Jun/2023:05:41:55 +0000] "POST /api/v1/notes/Create HTTP/1.1" 500 52 "-" "PostmanRuntime/7.32.3"

info: ::1 - - [15/Jun/2023:05:49:01 +0000] "POST /api/v1/users/Login HTTP/1.1" 201 201 "-" "PostmanRuntime/7.32.3"

info: ::1 - - [15/Jun/2023:05:49:26 +0000] "POST /api/v1/notes/Create HTTP/1.1" 500 52 "-" "PostmanRuntime/7.32.3"

info: ::1 - - [15/Jun/2023:05:52:17 +0000] "POST /api/v1/notes/Create HTTP/1.1" 500 52 "-" "PostmanRuntime/7.32.3"

info: ::1 - - [15/Jun/2023:06:06:12 +0000] "POST /api/v1/users/Login HTTP/1.1" 201 249 "-" "PostmanRuntime/7.32.3"

info: ::1 - - [15/Jun/2023:06:07:34 +0000] "POST /api/v1/notes/Create HTTP/1.1" 500 74 "-" "PostmanRuntime/7.32.3"

info: ::1 - - [15/Jun/2023:06:09:14 +0000] "POST /api/v1/notes/Create HTTP/1.1" 500 74 "-" "PostmanRuntime/7.32.3"

info: ::1 - - [15/Jun/2023:06:09:17 +0000] "POST /api/v1/notes/Create HTTP/1.1" 500 74 "-" "PostmanRuntime/7.32.3"

info: ::1 - - [15/Jun/2023:06:10:43 +0000] "POST /api/v1/notes/Create HTTP/1.1" 500 74 "-" "PostmanRuntime/7.32.3"

info: ::1 - - [15/Jun/2023:06:16:31 +0000] "POST /api/v1/notes/Create HTTP/1.1" 201 283 "-" "PostmanRuntime/7.32.3"

info: ::1 - - [15/Jun/2023:08:49:50 +0000] "POST /api/v1/notes/Create HTTP/1.1" 201 307 "-" "PostmanRuntime/7.32.3"

info: ::1 - - [15/Jun/2023:08:52:25 +0000] "POST /api/v1/notes/Create HTTP/1.1" 201 334 "-" "PostmanRuntime/7.32.3"

info: ::1 - - [15/Jun/2023:08:53:38 +0000] "POST /api/v1/notes/Create HTTP/1.1" 201 328 "-" "PostmanRuntime/7.32.3"

info: ::1 - - [15/Jun/2023:08:56:22 +0000] "GET /api/v1/notes/GetAll HTTP/1.1" 200 1088 "-" "PostmanRuntime/7.32.3"

info: ::1 - - [15/Jun/2023:08:58:10 +0000] "GET /api/v1/notes/GetNote?id=648ad192409b001eb08a5b68 HTTP/1.1" 400 56 "-" "PostmanRuntime/7.32.3"

info: ::1 - - [15/Jun/2023:08:58:29 +0000] "GET /api/v1/notes/GetNote?id=648ad192409b001eb08a5b68 HTTP/1.1" 200 62 "-" "PostmanRuntime/7.32.3"

info: ::1 - - [15/Jun/2023:08:59:28 +0000] "GET /api/v1/notes/GetNote?id=648ad192409b001eb08a5b68 HTTP/1.1" 200 62 "-" "PostmanRuntime/7.32.3"

info: ::1 - - [15/Jun/2023:08:59:30 +0000] "GET /api/v1/notes/GetNote?id=648ad192409b001eb08a5b68 HTTP/1.1" 200 62 "-" "PostmanRuntime/7.32.3"

info: ::1 - - [15/Jun/2023:09:02:03 +0000] "PUT /api/v1/notes/UpdateNote?id=648ad192409b001eb08a5b68 HTTP/1.1" 500 140 "-" "PostmanRuntime/7.32.3"

info: ::1 - - [15/Jun/2023:09:05:39 +0000] "PUT /api/v1/notes/UpdateNote?_id=648ad192409b001eb08a5b68 HTTP/1.1" 500 141 "-" "PostmanRuntime/7.32.3"

info: ::1 - - [15/Jun/2023:09:09:11 +0000] "GET /api/v1/notes/GetNote?id=648ad192409b001eb08a5b68 HTTP/1.1" 404 47 "-" "PostmanRuntime/7.32.3"

info: ::1 - - [15/Jun/2023:09:13:16 +0000] "GET /api/v1/notes/GetNote?_id=648ad192409b001eb08a5b68 HTTP/1.1" 404 47 "-" "PostmanRuntime/7.32.3"

info: ::1 - - [15/Jun/2023:09:13:19 +0000] "GET /api/v1/notes/GetNote?_id=648ad192409b001eb08a5b68 HTTP/1.1" 404 47 "-" "PostmanRuntime/7.32.3"

info: ::1 - - [15/Jun/2023:09:15:06 +0000] "GET /api/v1/notes/?_id=648ad192409b001eb08a5b68 HTTP/1.1" 404 47 "-" "PostmanRuntime/7.32.3"

info: ::1 - - [15/Jun/2023:09:15:07 +0000] "GET /api/v1/notes/?_id=648ad192409b001eb08a5b68 HTTP/1.1" 404 47 "-" "PostmanRuntime/7.32.3"

info: ::1 - - [15/Jun/2023:09:15:09 +0000] "GET /api/v1/notes/?_id=648ad192409b001eb08a5b68 HTTP/1.1" 404 47 "-" "PostmanRuntime/7.32.3"

info: ::1 - - [15/Jun/2023:09:15:10 +0000] "GET /api/v1/notes/?_id=648ad192409b001eb08a5b68 HTTP/1.1" 404 47 "-" "PostmanRuntime/7.32.3"

info: ::1 - - [15/Jun/2023:09:16:36 +0000] "DELETE /api/v1/notes/DeleteNote?_id=648ad192409b001eb08a5b68 HTTP/1.1" 500 133 "-" "PostmanRuntime/7.32.3"

info: ::1 - - [15/Jun/2023:09:16:53 +0000] "DELETE /api/v1/notes/?_id=648ad192409b001eb08a5b68 HTTP/1.1" 404 47 "-" "PostmanRuntime/7.32.3"

info: ::1 - - [15/Jun/2023:09:18:19 +0000] "GET /api/v1/notes/?_id=648ad192409b001eb08a5b68 HTTP/1.1" 404 47 "-" "PostmanRuntime/7.32.3"

info: ::1 - - [15/Jun/2023:09:21:20 +0000] "PUT /api/v1/notes/UpdateNote?_id=648ad192409b001eb08a5b68 HTTP/1.1" 500 144 "-" "PostmanRuntime/7.32.3"

info: ::1 - - [15/Jun/2023:09:26:15 +0000] "GET /api/v1/notes/?_id=648ad192409b001eb08a5b68 HTTP/1.1" 404 47 "-" "PostmanRuntime/7.32.3"

info: ::1 - - [15/Jun/2023:09:26:17 +0000] "GET /api/v1/notes/?_id=648ad192409b001eb08a5b68 HTTP/1.1" 404 47 "-" "PostmanRuntime/7.32.3"

info: ::1 - - [15/Jun/2023:09:28:11 +0000] "POST /api/v1/notes/Create HTTP/1.1" 201 323 "-" "PostmanRuntime/7.32.3"

info: ::1 - - [15/Jun/2023:09:28:36 +0000] "GET /api/v1/notes/?_id=648ad9ab6e017e294067e535 HTTP/1.1" 404 47 "-" "PostmanRuntime/7.32.3"

info: ::1 - - [15/Jun/2023:10:59:11 +0000] "GET /api/v1/notes/?_id=648ad9ab6e017e294067e535 HTTP/1.1" 404 47 "-" "PostmanRuntime/7.32.3"

info: ::1 - - [15/Jun/2023:10:59:26 +0000] "GET /api/v1/notes/?_id=648ad9ab6e017e294067e535 HTTP/1.1" 404 47 "-" "PostmanRuntime/7.32.3"

info: ::1 - - [15/Jun/2023:11:00:15 +0000] "GET /api/v1/notes/?_id=648ad9ab6e017e294067e535 HTTP/1.1" 404 47 "-" "PostmanRuntime/7.32.3"

info: ::1 - - [15/Jun/2023:11:03:55 +0000] "GET /api/v1/notes/?_id=648ad9ab6e017e294067e535 HTTP/1.1" 404 47 "-" "PostmanRuntime/7.32.3"

info: ::1 - - [15/Jun/2023:11:13:35 +0000] "POST /api/v1/users/Login HTTP/1.1" 201 249 "-" "PostmanRuntime/7.32.3"

info: ::1 - - [15/Jun/2023:11:14:37 +0000] "GET /api/v1/notes/GetAll HTTP/1.1" 200 1354 "-" "PostmanRuntime/7.32.3"

info: ::1 - - [15/Jun/2023:11:15:08 +0000] "GET /api/v1/users/?_id=648aacbf74387a255872b7d4 HTTP/1.1" 200 1256 "-" "PostmanRuntime/7.32.3"

info: ::1 - - [15/Jun/2023:11:15:28 +0000] "GET /api/v1/users/?_id=648aacbf74387a255872b7d4 HTTP/1.1" 200 1256 "-" "PostmanRuntime/7.32.3"

info: ::1 - - [15/Jun/2023:11:16:23 +0000] "GET /api/v1/notes/?_id=648aacbf74387a255872b7d4 HTTP/1.1" 404 47 "-" "PostmanRuntime/7.32.3"

info: ::1 - - [15/Jun/2023:11:17:40 +0000] "GET /api/v1/notes/?_id=648ad149409b001eb08a5b66 HTTP/1.1" 404 47 "-" "PostmanRuntime/7.32.3"

info: ::1 - - [15/Jun/2023:11:17:43 +0000] "GET /api/v1/notes/?_id=648ad149409b001eb08a5b66 HTTP/1.1" 404 47 "-" "PostmanRuntime/7.32.3"

info: ::1 - - [15/Jun/2023:11:42:09 +0000] "GET /api/v1/notes/648ad149409b001eb08a5b66 HTTP/1.1" 200 334 "-" "PostmanRuntime/7.32.3"

info: ::1 - - [15/Jun/2023:11:42:56 +0000] "GET /api/v1/notes/?_id=648ad149409b001eb08a5b66 HTTP/1.1" 404 47 "-" "PostmanRuntime/7.32.3"

info: ::1 - - [15/Jun/2023:11:44:00 +0000] "GET /api/v1/notes/?id=648ad149409b001eb08a5b66 HTTP/1.1" 404 47 "-" "PostmanRuntime/7.32.3"

info: ::1 - - [15/Jun/2023:11:46:10 +0000] "GET /api/v1/notes/?_id=648ad149409b001eb08a5b66 HTTP/1.1" 404 47 "-" "PostmanRuntime/7.32.3"

info: ::1 - - [15/Jun/2023:11:47:07 +0000] "GET /api/v1/notes/648ad149409b001eb08a5b66 HTTP/1.1" 200 334 "-" "PostmanRuntime/7.32.3"

info: ::1 - - [15/Jun/2023:11:48:33 +0000] "POST /api/v1/notes/Create HTTP/1.1" 201 323 "-" "PostmanRuntime/7.32.3"

info: ::1 - - [15/Jun/2023:11:48:47 +0000] "GET /api/v1/notes/GetAll HTTP/1.1" 200 1620 "-" "PostmanRuntime/7.32.3"

info: ::1 - - [15/Jun/2023:11:50:09 +0000] "PUT /api/v1/notes/UpdateNote?_id=648ad192409b001eb08a5b68 HTTP/1.1" 500 144 "-" "PostmanRuntime/7.32.3"

info: ::1 - - [15/Jun/2023:11:50:21 +0000] "PUT /api/v1/notes/648ad192409b001eb08a5b68 HTTP/1.1" 202 328 "-" "PostmanRuntime/7.32.3"

info: ::1 - - [15/Jun/2023:11:50:37 +0000] "DELETE /api/v1/notes/648ad192409b001eb08a5b68 HTTP/1.1" 200 60 "-" "PostmanRuntime/7.32.3"

